/var/spool/slurm/job23855/slurm_script: line 11: file1: command not found
/var/spool/slurm/job23855/slurm_script: line 12: file2: command not found
/var/spool/slurm/job23855/slurm_script: line 13: file3: command not found
/var/spool/slurm/job23855/slurm_script: line 14: file4: command not found
usage: part1.py [-h] -f FILE_NAME -l READ_LENGTH [-o OUTPUT]
part1.py: error: argument -f/--file_name: expected one argument
Command exited with non-zero status 2
	Command being timed: "./part1.py -f -l 101 -o R1_histogram"
	User time (seconds): 0.53
	System time (seconds): 0.89
	Percent of CPU this job got: 22%
	Elapsed (wall clock) time (h:mm:ss or m:ss): 0:06.39
	Average shared text size (kbytes): 0
	Average unshared data size (kbytes): 0
	Average stack size (kbytes): 0
	Average total size (kbytes): 0
	Maximum resident set size (kbytes): 54648
	Average resident set size (kbytes): 0
	Major (requiring I/O) page faults: 0
	Minor (reclaiming a frame) page faults: 12327
	Voluntary context switches: 2249
	Involuntary context switches: 69
	Swaps: 0
	File system inputs: 0
	File system outputs: 0
	Socket messages sent: 0
	Socket messages received: 0
	Signals delivered: 0
	Page size (bytes): 4096
	Exit status: 2
usage: part1.py [-h] -f FILE_NAME -l READ_LENGTH [-o OUTPUT]
part1.py: error: argument -f/--file_name: expected one argument
Command exited with non-zero status 2
	Command being timed: "./part1.py -f -l 8 -o R2_histogram"
	User time (seconds): 0.48
	System time (seconds): 0.81
	Percent of CPU this job got: 327%
	Elapsed (wall clock) time (h:mm:ss or m:ss): 0:00.39
	Average shared text size (kbytes): 0
	Average unshared data size (kbytes): 0
	Average stack size (kbytes): 0
	Average total size (kbytes): 0
	Maximum resident set size (kbytes): 53900
	Average resident set size (kbytes): 0
	Major (requiring I/O) page faults: 0
	Minor (reclaiming a frame) page faults: 12650
	Voluntary context switches: 218
	Involuntary context switches: 25
	Swaps: 0
	File system inputs: 0
	File system outputs: 0
	Socket messages sent: 0
	Socket messages received: 0
	Signals delivered: 0
	Page size (bytes): 4096
	Exit status: 2
usage: part1.py [-h] -f FILE_NAME -l READ_LENGTH [-o OUTPUT]
part1.py: error: argument -f/--file_name: expected one argument
Command exited with non-zero status 2
	Command being timed: "./part1.py -f -l 8 -o R3_histogram"
	User time (seconds): 0.45
	System time (seconds): 0.83
	Percent of CPU this job got: 329%
	Elapsed (wall clock) time (h:mm:ss or m:ss): 0:00.39
	Average shared text size (kbytes): 0
	Average unshared data size (kbytes): 0
	Average stack size (kbytes): 0
	Average total size (kbytes): 0
	Maximum resident set size (kbytes): 53864
	Average resident set size (kbytes): 0
	Major (requiring I/O) page faults: 0
	Minor (reclaiming a frame) page faults: 12649
	Voluntary context switches: 217
	Involuntary context switches: 26
	Swaps: 0
	File system inputs: 0
	File system outputs: 0
	Socket messages sent: 0
	Socket messages received: 0
	Signals delivered: 0
	Page size (bytes): 4096
	Exit status: 2
usage: part1.py [-h] -f FILE_NAME -l READ_LENGTH [-o OUTPUT]
part1.py: error: argument -f/--file_name: expected one argument
Command exited with non-zero status 2
	Command being timed: "./part1.py -f -l 101 -o R4_histogram"
	User time (seconds): 0.48
	System time (seconds): 0.77
	Percent of CPU this job got: 278%
	Elapsed (wall clock) time (h:mm:ss or m:ss): 0:00.45
	Average shared text size (kbytes): 0
	Average unshared data size (kbytes): 0
	Average stack size (kbytes): 0
	Average total size (kbytes): 0
	Maximum resident set size (kbytes): 55396
	Average resident set size (kbytes): 0
	Major (requiring I/O) page faults: 0
	Minor (reclaiming a frame) page faults: 12544
	Voluntary context switches: 218
	Involuntary context switches: 72
	Swaps: 0
	File system inputs: 0
	File system outputs: 0
	Socket messages sent: 0
	Socket messages received: 0
	Signals delivered: 0
	Page size (bytes): 4096
	Exit status: 2
